<?xml version="1.0" encoding="UTF-8"?>
<testng-results skipped="0" failed="0" ignored="0" total="1" passed="1">
  <reporter-output>
  </reporter-output>
  <suite name="Default suite" duration-ms="766" started-at="2018-11-18T19:38:38Z" finished-at="2018-11-18T19:38:38Z">
    <groups>
    </groups>
    <test name="Default test" duration-ms="766" started-at="2018-11-18T19:38:38Z" finished-at="2018-11-18T19:38:38Z">
      <class name="getRequest.GetValuesJsonPath">
        <test-method status="PASS" signature="testResponse()[pri:0, instance:getRequest.GetValuesJsonPath@77a98a6a]" name="testResponse" is-config="true" duration-ms="15" started-at="2018-11-18T19:38:38Z" finished-at="2018-11-18T19:38:38Z">
          <reporter-output>
          </reporter-output>
        </test-method> <!-- testResponse -->
        <test-method status="PASS" signature="testValues()[pri:0, instance:getRequest.GetValuesJsonPath@77a98a6a]" name="testValues" duration-ms="715" started-at="2018-11-18T19:38:38Z" finished-at="2018-11-18T19:38:38Z">
          <reporter-output>
          </reporter-output>
        </test-method> <!-- testValues -->
      </class> <!-- getRequest.GetValuesJsonPath -->
    </test> <!-- Default test -->
  </suite> <!-- Default suite -->
</testng-results>
