<?xml version="1.0" encoding="UTF-8"?>
<testng-results skipped="0" failed="0" ignored="0" total="2" passed="2">
  <reporter-output>
  </reporter-output>
  <suite name="Default suite" duration-ms="5759" started-at="2022-06-05T19:23:06 CEST" finished-at="2022-06-05T19:23:12 CEST">
    <groups>
    </groups>
    <test name="Default test" duration-ms="5759" started-at="2022-06-05T19:23:06 CEST" finished-at="2022-06-05T19:23:12 CEST">
      <class name="com.houseAPIWithRestAssured.HouseApiTestResults">
        <test-method status="PASS" signature="setUp()[pri:0, instance:com.houseAPIWithRestAssured.HouseApiTestResults@12cdcf4]" name="setUp" is-config="true" duration-ms="313" started-at="2022-06-05T19:23:06 CEST" finished-at="2022-06-05T19:23:07 CEST">
          <reporter-output>
          </reporter-output>
        </test-method> <!-- setUp -->
        <test-method status="PASS" signature="houseApi()[pri:0, instance:com.houseAPIWithRestAssured.HouseApiTestResults@12cdcf4]" name="houseApi" duration-ms="3351" started-at="2022-06-05T19:23:07 CEST" finished-at="2022-06-05T19:23:10 CEST">
          <reporter-output>
          </reporter-output>
        </test-method> <!-- houseApi -->
      </class> <!-- com.houseAPIWithRestAssured.HouseApiTestResults -->
      <class name="com.houseAPIWithRestAssured.HouseApiTestEmptyResults">
        <test-method status="PASS" signature="setUp()[pri:0, instance:com.houseAPIWithRestAssured.HouseApiTestEmptyResults@7b69c6ba]" name="setUp" is-config="true" duration-ms="0" started-at="2022-06-05T19:23:10 CEST" finished-at="2022-06-05T19:23:10 CEST">
          <reporter-output>
          </reporter-output>
        </test-method> <!-- setUp -->
        <test-method status="PASS" signature="houseApi()[pri:0, instance:com.houseAPIWithRestAssured.HouseApiTestEmptyResults@7b69c6ba]" name="houseApi" duration-ms="2071" started-at="2022-06-05T19:23:10 CEST" finished-at="2022-06-05T19:23:12 CEST">
          <reporter-output>
          </reporter-output>
        </test-method> <!-- houseApi -->
      </class> <!-- com.houseAPIWithRestAssured.HouseApiTestEmptyResults -->
    </test> <!-- Default test -->
  </suite> <!-- Default suite -->
</testng-results>
