<?xml version="1.0" encoding="UTF-8"?>
<!-- Generated by org.testng.reporters.JUnitXMLReporter -->
<testsuite hostname="DESKTOP-927778E" ignored="0" name="Default test" tests="2" failures="0" timestamp="2022-06-05T19:23:12 CEST" time="5.759" errors="0">
  <testcase name="houseApi" time="3.351" classname="com.houseAPIWithRestAssured.HouseApiTestResults"/>
  <testcase name="houseApi" time="2.071" classname="com.houseAPIWithRestAssured.HouseApiTestEmptyResults"/>
</testsuite> <!-- Default test -->
